Analysis & Synthesis report for ADC-to-SENT
Tue Nov 02 11:06:53 2021
Quartus Prime Version 20.1.1 Build 720 11/11/2020 SJ Lite Edition


---------------------
; Table of Contents ;
---------------------
  1. Legal Notice
  2. Analysis & Synthesis Summary
  3. Analysis & Synthesis Settings
  4. Parallel Compilation
  5. Analysis & Synthesis Source Files Read
  6. Analysis & Synthesis Resource Usage Summary
  7. Analysis & Synthesis Resource Utilization by Entity
  8. Analysis & Synthesis IP Cores Summary
  9. State Machine - |ADCtoSENT|pe
 10. State Machine - |ADCtoSENT|adc_control:u0|adc_control_adc_mega_0:adc_mega_0|altera_up_avalon_adv_adc:ADC_CTRL|currState
 11. Registers Removed During Synthesis
 12. Removed Registers Triggering Further Register Optimizations
 13. General Register Statistics
 14. Inverted Register Statistics
 15. Multiplexer Restructuring Statistics (Restructuring Performed)
 16. Parameter Settings for User Entity Instance: adc_control:u0|adc_control_adc_mega_0:adc_mega_0
 17. Parameter Settings for User Entity Instance: adc_control:u0|adc_control_adc_mega_0:adc_mega_0|altera_up_avalon_adv_adc:ADC_CTRL
 18. Port Connectivity Checks: "adc_control:u0"
 19. Post-Synthesis Netlist Statistics for Top Partition
 20. Elapsed Time Per Partition
 21. Analysis & Synthesis Messages



----------------
; Legal Notice ;
----------------
Copyright (C) 2020  Intel Corporation. All rights reserved.
Your use of Intel Corporation's design tools, logic functions 
and other software and tools, and any partner logic 
functions, and any output files from any of the foregoing 
(including device programming or simulation files), and any 
associated documentation or information are expressly subject 
to the terms and conditions of the Intel Program License 
Subscription Agreement, the Intel Quartus Prime License Agreement,
the Intel FPGA IP License Agreement, or other applicable license
agreement, including, without limitation, that your use is for
the sole purpose of programming logic devices manufactured by
Intel and sold by Intel or its authorized distributors.  Please
refer to the applicable agreement for further details, at
https://fpgasoftware.intel.com/eula.



+-------------------------------------------------------------------------------+
; Analysis & Synthesis Summary                                                  ;
+---------------------------------+---------------------------------------------+
; Analysis & Synthesis Status     ; Successful - Tue Nov 02 11:06:53 2021       ;
; Quartus Prime Version           ; 20.1.1 Build 720 11/11/2020 SJ Lite Edition ;
; Revision Name                   ; ADC-to-SENT                                 ;
; Top-level Entity Name           ; ADCtoSENT                                   ;
; Family                          ; Cyclone V                                   ;
; Logic utilization (in ALMs)     ; N/A                                         ;
; Total registers                 ; 159                                         ;
; Total pins                      ; 27                                          ;
; Total virtual pins              ; 0                                           ;
; Total block memory bits         ; 0                                           ;
; Total DSP Blocks                ; 0                                           ;
; Total HSSI RX PCSs              ; 0                                           ;
; Total HSSI PMA RX Deserializers ; 0                                           ;
; Total HSSI TX PCSs              ; 0                                           ;
; Total HSSI PMA TX Serializers   ; 0                                           ;
; Total PLLs                      ; 0                                           ;
; Total DLLs                      ; 0                                           ;
+---------------------------------+---------------------------------------------+


+---------------------------------------------------------------------------------------------------------------------------+
; Analysis & Synthesis Settings                                                                                             ;
+---------------------------------------------------------------------------------+--------------------+--------------------+
; Option                                                                          ; Setting            ; Default Value      ;
+---------------------------------------------------------------------------------+--------------------+--------------------+
; Device                                                                          ; 5CSEBA6U23I7       ;                    ;
; Top-level entity name                                                           ; ADCtoSENT          ; ADC-to-SENT        ;
; Family name                                                                     ; Cyclone V          ; Cyclone V          ;
; Use smart compilation                                                           ; On                 ; Off                ;
; Enable parallel Assembler and Timing Analyzer during compilation                ; On                 ; On                 ;
; Enable compact report table                                                     ; Off                ; Off                ;
; Restructure Multiplexers                                                        ; Auto               ; Auto               ;
; MLAB Add Timing Constraints For Mixed-Port Feed-Through Mode Setting Don't Care ; Off                ; Off                ;
; Create Debugging Nodes for IP Cores                                             ; Off                ; Off                ;
; Preserve fewer node names                                                       ; On                 ; On                 ;
; Intel FPGA IP Evaluation Mode                                                   ; Enable             ; Enable             ;
; Verilog Version                                                                 ; Verilog_2001       ; Verilog_2001       ;
; VHDL Version                                                                    ; VHDL_1993          ; VHDL_1993          ;
; State Machine Processing                                                        ; Auto               ; Auto               ;
; Safe State Machine                                                              ; Off                ; Off                ;
; Extract Verilog State Machines                                                  ; On                 ; On                 ;
; Extract VHDL State Machines                                                     ; On                 ; On                 ;
; Ignore Verilog initial constructs                                               ; Off                ; Off                ;
; Iteration limit for constant Verilog loops                                      ; 5000               ; 5000               ;
; Iteration limit for non-constant Verilog loops                                  ; 250                ; 250                ;
; Add Pass-Through Logic to Inferred RAMs                                         ; On                 ; On                 ;
; Infer RAMs from Raw Logic                                                       ; On                 ; On                 ;
; Parallel Synthesis                                                              ; On                 ; On                 ;
; DSP Block Balancing                                                             ; Auto               ; Auto               ;
; NOT Gate Push-Back                                                              ; On                 ; On                 ;
; Power-Up Don't Care                                                             ; On                 ; On                 ;
; Remove Redundant Logic Cells                                                    ; Off                ; Off                ;
; Remove Duplicate Registers                                                      ; On                 ; On                 ;
; Ignore CARRY Buffers                                                            ; Off                ; Off                ;
; Ignore CASCADE Buffers                                                          ; Off                ; Off                ;
; Ignore GLOBAL Buffers                                                           ; Off                ; Off                ;
; Ignore ROW GLOBAL Buffers                                                       ; Off                ; Off                ;
; Ignore LCELL Buffers                                                            ; Off                ; Off                ;
; Ignore SOFT Buffers                                                             ; On                 ; On                 ;
; Limit AHDL Integers to 32 Bits                                                  ; Off                ; Off                ;
; Optimization Technique                                                          ; Balanced           ; Balanced           ;
; Carry Chain Length                                                              ; 70                 ; 70                 ;
; Auto Carry Chains                                                               ; On                 ; On                 ;
; Auto Open-Drain Pins                                                            ; On                 ; On                 ;
; Perform WYSIWYG Primitive Resynthesis                                           ; Off                ; Off                ;
; Auto ROM Replacement                                                            ; On                 ; On                 ;
; Auto RAM Replacement                                                            ; On                 ; On                 ;
; Auto DSP Block Replacement                                                      ; On                 ; On                 ;
; Auto Shift Register Replacement                                                 ; Auto               ; Auto               ;
; Allow Shift Register Merging across Hierarchies                                 ; Auto               ; Auto               ;
; Auto Clock Enable Replacement                                                   ; On                 ; On                 ;
; Strict RAM Replacement                                                          ; Off                ; Off                ;
; Allow Synchronous Control Signals                                               ; On                 ; On                 ;
; Force Use of Synchronous Clear Signals                                          ; Off                ; Off                ;
; Auto Resource Sharing                                                           ; Off                ; Off                ;
; Allow Any RAM Size For Recognition                                              ; Off                ; Off                ;
; Allow Any ROM Size For Recognition                                              ; Off                ; Off                ;
; Allow Any Shift Register Size For Recognition                                   ; Off                ; Off                ;
; Use LogicLock Constraints during Resource Balancing                             ; On                 ; On                 ;
; Ignore translate_off and synthesis_off directives                               ; Off                ; Off                ;
; Timing-Driven Synthesis                                                         ; On                 ; On                 ;
; Report Parameter Settings                                                       ; On                 ; On                 ;
; Report Source Assignments                                                       ; On                 ; On                 ;
; Report Connectivity Checks                                                      ; On                 ; On                 ;
; Ignore Maximum Fan-Out Assignments                                              ; Off                ; Off                ;
; Synchronization Register Chain Length                                           ; 3                  ; 3                  ;
; Power Optimization During Synthesis                                             ; Normal compilation ; Normal compilation ;
; HDL message level                                                               ; Level2             ; Level2             ;
; Suppress Register Optimization Related Messages                                 ; Off                ; Off                ;
; Number of Removed Registers Reported in Synthesis Report                        ; 5000               ; 5000               ;
; Number of Swept Nodes Reported in Synthesis Report                              ; 5000               ; 5000               ;
; Number of Inverted Registers Reported in Synthesis Report                       ; 100                ; 100                ;
; Clock MUX Protection                                                            ; On                 ; On                 ;
; Auto Gated Clock Conversion                                                     ; Off                ; Off                ;
; Block Design Naming                                                             ; Auto               ; Auto               ;
; SDC constraint protection                                                       ; Off                ; Off                ;
; Synthesis Effort                                                                ; Auto               ; Auto               ;
; Shift Register Replacement - Allow Asynchronous Clear Signal                    ; On                 ; On                 ;
; Pre-Mapping Resynthesis Optimization                                            ; Off                ; Off                ;
; Analysis & Synthesis Message Level                                              ; Medium             ; Medium             ;
; Disable Register Merging Across Hierarchies                                     ; Auto               ; Auto               ;
; Resource Aware Inference For Block RAM                                          ; On                 ; On                 ;
; Automatic Parallel Synthesis                                                    ; On                 ; On                 ;
; Partial Reconfiguration Bitstream ID                                            ; Off                ; Off                ;
+---------------------------------------------------------------------------------+--------------------+--------------------+


+------------------------------------------+
; Parallel Compilation                     ;
+----------------------------+-------------+
; Processors                 ; Number      ;
+----------------------------+-------------+
; Number detected on machine ; 16          ;
; Maximum allowed            ; 8           ;
;                            ;             ;
; Average used               ; 1.00        ;
; Maximum used               ; 8           ;
;                            ;             ;
; Usage by Processor         ; % Time Used ;
;     Processor 1            ; 100.0%      ;
;     Processors 2-8         ;   0.0%      ;
+----------------------------+-------------+


+----------------------------------------------------------------------------------------------------------------------------------------------------------------------------------------------------------------------------------------------------------------------------------+
; Analysis & Synthesis Source Files Read                                                                                                                                                                                                                                           ;
+---------------------------------------------------------------------------------------------------------+-----------------+------------------------------+---------------------------------------------------------------------------------------------------------+-------------+
; File Name with User-Entered Path                                                                        ; Used in Netlist ; File Type                    ; File Name with Absolute Path                                                                            ; Library     ;
+---------------------------------------------------------------------------------------------------------+-----------------+------------------------------+---------------------------------------------------------------------------------------------------------+-------------+
; ADCtoSENT.vhd                                                                                           ; yes             ; User VHDL File               ; C:/Users/jagumiel/Documents/Quartus/ADC-to-SENT/ADCtoSENT.vhd                                           ;             ;
; c:/users/jagumiel/documents/quartus/adc-to-sent/db/ip/adc_control/adc_control.v                         ; yes             ; Auto-Found Verilog HDL File  ; c:/users/jagumiel/documents/quartus/adc-to-sent/db/ip/adc_control/adc_control.v                         ; adc_control ;
; c:/users/jagumiel/documents/quartus/adc-to-sent/db/ip/adc_control/submodules/adc_control_adc_mega_0.v   ; yes             ; Auto-Found Verilog HDL File  ; c:/users/jagumiel/documents/quartus/adc-to-sent/db/ip/adc_control/submodules/adc_control_adc_mega_0.v   ; adc_control ;
; c:/users/jagumiel/documents/quartus/adc-to-sent/db/ip/adc_control/submodules/altera_up_avalon_adv_adc.v ; yes             ; Auto-Found Verilog HDL File  ; c:/users/jagumiel/documents/quartus/adc-to-sent/db/ip/adc_control/submodules/altera_up_avalon_adv_adc.v ; adc_control ;
+---------------------------------------------------------------------------------------------------------+-----------------+------------------------------+---------------------------------------------------------------------------------------------------------+-------------+


+-----------------------------------------------------------+
; Analysis & Synthesis Resource Usage Summary               ;
+---------------------------------------------+-------------+
; Resource                                    ; Usage       ;
+---------------------------------------------+-------------+
; Estimate of Logic utilization (ALMs needed) ; 123         ;
;                                             ;             ;
; Combinational ALUT usage for logic          ; 196         ;
;     -- 7 input functions                    ; 0           ;
;     -- 6 input functions                    ; 44          ;
;     -- 5 input functions                    ; 31          ;
;     -- 4 input functions                    ; 25          ;
;     -- <=3 input functions                  ; 96          ;
;                                             ;             ;
; Dedicated logic registers                   ; 159         ;
;                                             ;             ;
; I/O pins                                    ; 27          ;
;                                             ;             ;
; Total DSP Blocks                            ; 0           ;
;                                             ;             ;
; Maximum fan-out node                        ; CLOCK~input ;
; Maximum fan-out                             ; 159         ;
; Total fan-out                               ; 1321        ;
; Average fan-out                             ; 3.23        ;
+---------------------------------------------+-------------+


+-------------------------------------------------------------------------------------------------------------------------------------------------------------------------------------------------------------------------------------------------------------------------------------------------+
; Analysis & Synthesis Resource Utilization by Entity                                                                                                                                                                                                                                             ;
+----------------------------------------------+---------------------+---------------------------+-------------------+------------+------+--------------+-----------------------------------------------------------------------------------------------+--------------------------+--------------+
; Compilation Hierarchy Node                   ; Combinational ALUTs ; Dedicated Logic Registers ; Block Memory Bits ; DSP Blocks ; Pins ; Virtual Pins ; Full Hierarchy Name                                                                           ; Entity Name              ; Library Name ;
+----------------------------------------------+---------------------+---------------------------+-------------------+------------+------+--------------+-----------------------------------------------------------------------------------------------+--------------------------+--------------+
; |ADCtoSENT                                   ; 196 (136)           ; 159 (86)                  ; 0                 ; 0          ; 27   ; 0            ; |ADCtoSENT                                                                                    ; ADCtoSENT                ; work         ;
;    |adc_control:u0|                          ; 60 (0)              ; 73 (0)                    ; 0                 ; 0          ; 0    ; 0            ; |ADCtoSENT|adc_control:u0                                                                     ; adc_control              ; adc_control  ;
;       |adc_control_adc_mega_0:adc_mega_0|    ; 60 (2)              ; 73 (13)                   ; 0                 ; 0          ; 0    ; 0            ; |ADCtoSENT|adc_control:u0|adc_control_adc_mega_0:adc_mega_0                                   ; adc_control_adc_mega_0   ; adc_control  ;
;          |altera_up_avalon_adv_adc:ADC_CTRL| ; 58 (58)             ; 60 (60)                   ; 0                 ; 0          ; 0    ; 0            ; |ADCtoSENT|adc_control:u0|adc_control_adc_mega_0:adc_mega_0|altera_up_avalon_adv_adc:ADC_CTRL ; altera_up_avalon_adv_adc ; adc_control  ;
+----------------------------------------------+---------------------+---------------------------+-------------------+------------+------+--------------+-----------------------------------------------------------------------------------------------+--------------------------+--------------+
Note: For table entries with two numbers listed, the numbers in parentheses indicate the number of resources of the given type used by the specific entity alone. The numbers listed outside of parentheses indicate the total resources of the given type used by the specific entity and all of its sub-entities in the hierarchy.


+--------------------------------------------------------------------------------------------------------------------------------------------------------------+
; Analysis & Synthesis IP Cores Summary                                                                                                                        ;
+--------+--------------+---------+--------------+--------------+---------------------------+------------------------------------------------------------------+
; Vendor ; IP Core Name ; Version ; Release Date ; License Type ; Entity Instance           ; IP Include File                                                  ;
+--------+--------------+---------+--------------+--------------+---------------------------+------------------------------------------------------------------+
; N/A    ; Qsys         ; 20.1    ; N/A          ; N/A          ; |ADCtoSENT|adc_control:u0 ; C:/Users/jagumiel/Documents/Quartus/ADC-to-SENT/adc_control.qsys ;
+--------+--------------+---------+--------------+--------------+---------------------------+------------------------------------------------------------------+


Encoding Type:  One-Hot
+------------------------------------------------------------------------+
; State Machine - |ADCtoSENT|pe                                          ;
+----------+----------+----------+---------+---------+---------+---------+
; Name     ; pe.pause ; pe.check ; pe.data ; pe.comm ; pe.sync ; pe.init ;
+----------+----------+----------+---------+---------+---------+---------+
; pe.init  ; 0        ; 0        ; 0       ; 0       ; 0       ; 0       ;
; pe.sync  ; 0        ; 0        ; 0       ; 0       ; 1       ; 1       ;
; pe.comm  ; 0        ; 0        ; 0       ; 1       ; 0       ; 1       ;
; pe.data  ; 0        ; 0        ; 1       ; 0       ; 0       ; 1       ;
; pe.check ; 0        ; 1        ; 0       ; 0       ; 0       ; 1       ;
; pe.pause ; 1        ; 0        ; 0       ; 0       ; 0       ; 1       ;
+----------+----------+----------+---------+---------+---------+---------+


Encoding Type:  One-Hot
+---------------------------------------------------------------------------------------------------------------------------------------------------------------------------------------------------------------+
; State Machine - |ADCtoSENT|adc_control:u0|adc_control_adc_mega_0:adc_mega_0|altera_up_avalon_adv_adc:ADC_CTRL|currState                                                                                       ;
+--------------------------------+--------------------------------+----------------------------+----------------------+---------------------+----------------------+---------------------+----------------------+
; Name                           ; currState.pauseStateNoAddrIncr ; currState.initCtrlRegState ; currState.pauseState ; currState.doneState ; currState.transState ; currState.waitState ; currState.resetState ;
+--------------------------------+--------------------------------+----------------------------+----------------------+---------------------+----------------------+---------------------+----------------------+
; currState.resetState           ; 0                              ; 0                          ; 0                    ; 0                   ; 0                    ; 0                   ; 0                    ;
; currState.waitState            ; 0                              ; 0                          ; 0                    ; 0                   ; 0                    ; 1                   ; 1                    ;
; currState.transState           ; 0                              ; 0                          ; 0                    ; 0                   ; 1                    ; 0                   ; 1                    ;
; currState.doneState            ; 0                              ; 0                          ; 0                    ; 1                   ; 0                    ; 0                   ; 1                    ;
; currState.pauseState           ; 0                              ; 0                          ; 1                    ; 0                   ; 0                    ; 0                   ; 1                    ;
; currState.initCtrlRegState     ; 0                              ; 1                          ; 0                    ; 0                   ; 0                    ; 0                   ; 1                    ;
; currState.pauseStateNoAddrIncr ; 1                              ; 0                          ; 0                    ; 0                   ; 0                    ; 0                   ; 1                    ;
+--------------------------------+--------------------------------+----------------------------+----------------------+---------------------+----------------------+---------------------+----------------------+


+-------------------------------------------------------------------------------------------------------------------------------------------------+
; Registers Removed During Synthesis                                                                                                              ;
+--------------------------------------------------------------------------------------------------------+----------------------------------------+
; Register name                                                                                          ; Reason for Removal                     ;
+--------------------------------------------------------------------------------------------------------+----------------------------------------+
; j[0,1]                                                                                                 ; Stuck at VCC due to stuck port data_in ;
; adc_control:u0|adc_control_adc_mega_0:adc_mega_0|altera_up_avalon_adv_adc:ADC_CTRL|din_shift_reg[0..6] ; Stuck at GND due to stuck port data_in ;
; adc_control:u0|adc_control_adc_mega_0:adc_mega_0|altera_up_avalon_adv_adc:ADC_CTRL|next_addr[0..2]     ; Lost fanout                            ;
; adc_control:u0|adc_control_adc_mega_0:adc_mega_0|altera_up_avalon_adv_adc:ADC_CTRL|address[0..2]       ; Stuck at GND due to stuck port data_in ;
; adc_control:u0|adc_control_adc_mega_0:adc_mega_0|altera_up_avalon_adv_adc:ADC_CTRL|currState~2         ; Lost fanout                            ;
; adc_control:u0|adc_control_adc_mega_0:adc_mega_0|altera_up_avalon_adv_adc:ADC_CTRL|currState~3         ; Lost fanout                            ;
; adc_control:u0|adc_control_adc_mega_0:adc_mega_0|altera_up_avalon_adv_adc:ADC_CTRL|currState~4         ; Lost fanout                            ;
; pe.init                                                                                                ; Lost fanout                            ;
; pe.sync                                                                                                ; Lost fanout                            ;
; pe.comm                                                                                                ; Lost fanout                            ;
; pe.data                                                                                                ; Lost fanout                            ;
; pe.check                                                                                               ; Lost fanout                            ;
; pe.pause                                                                                               ; Lost fanout                            ;
; adc_control:u0|adc_control_adc_mega_0:adc_mega_0|altera_up_avalon_adv_adc:ADC_CTRL|currState.waitState ; Stuck at GND due to stuck port data_in ;
; Total Number of Removed Registers = 25                                                                 ;                                        ;
+--------------------------------------------------------------------------------------------------------+----------------------------------------+


+----------------------------------------------------------------------------------------------------------------------------------------------------------------------------------------------------------------------------------------+
; Removed Registers Triggering Further Register Optimizations                                                                                                                                                                            ;
+-----------------------------------------------------------------------------------------------------+---------------------------+------------------------------------------------------------------------------------------------------+
; Register name                                                                                       ; Reason for Removal        ; Registers Removed due to This Register                                                               ;
+-----------------------------------------------------------------------------------------------------+---------------------------+------------------------------------------------------------------------------------------------------+
; adc_control:u0|adc_control_adc_mega_0:adc_mega_0|altera_up_avalon_adv_adc:ADC_CTRL|din_shift_reg[0] ; Stuck at GND              ; adc_control:u0|adc_control_adc_mega_0:adc_mega_0|altera_up_avalon_adv_adc:ADC_CTRL|din_shift_reg[1], ;
;                                                                                                     ; due to stuck port data_in ; adc_control:u0|adc_control_adc_mega_0:adc_mega_0|altera_up_avalon_adv_adc:ADC_CTRL|din_shift_reg[2], ;
;                                                                                                     ;                           ; adc_control:u0|adc_control_adc_mega_0:adc_mega_0|altera_up_avalon_adv_adc:ADC_CTRL|din_shift_reg[3], ;
;                                                                                                     ;                           ; adc_control:u0|adc_control_adc_mega_0:adc_mega_0|altera_up_avalon_adv_adc:ADC_CTRL|din_shift_reg[4], ;
;                                                                                                     ;                           ; adc_control:u0|adc_control_adc_mega_0:adc_mega_0|altera_up_avalon_adv_adc:ADC_CTRL|din_shift_reg[5], ;
;                                                                                                     ;                           ; adc_control:u0|adc_control_adc_mega_0:adc_mega_0|altera_up_avalon_adv_adc:ADC_CTRL|din_shift_reg[6]  ;
+-----------------------------------------------------------------------------------------------------+---------------------------+------------------------------------------------------------------------------------------------------+


+------------------------------------------------------+
; General Register Statistics                          ;
+----------------------------------------------+-------+
; Statistic                                    ; Value ;
+----------------------------------------------+-------+
; Total registers                              ; 159   ;
; Number of registers using Synchronous Clear  ; 76    ;
; Number of registers using Synchronous Load   ; 16    ;
; Number of registers using Asynchronous Clear ; 9     ;
; Number of registers using Asynchronous Load  ; 0     ;
; Number of registers using Clock Enable       ; 119   ;
; Number of registers using Preset             ; 0     ;
+----------------------------------------------+-------+


+---------------------------------------------------------------------------------------------------------+
; Inverted Register Statistics                                                                            ;
+-----------------------------------------------------------------------------------------------+---------+
; Inverted Register                                                                             ; Fan out ;
+-----------------------------------------------------------------------------------------------+---------+
; adc_control:u0|adc_control_adc_mega_0:adc_mega_0|altera_up_avalon_adv_adc:ADC_CTRL|counter[2] ; 2       ;
; adc_control:u0|adc_control_adc_mega_0:adc_mega_0|altera_up_avalon_adv_adc:ADC_CTRL|counter[1] ; 2       ;
; adc_control:u0|adc_control_adc_mega_0:adc_mega_0|altera_up_avalon_adv_adc:ADC_CTRL|counter[0] ; 2       ;
; j[3]                                                                                          ; 10      ;
; Total number of inverted registers = 4                                                        ;         ;
+-----------------------------------------------------------------------------------------------+---------+


+-------------------------------------------------------------------------------------------------------------------------------------------------------------------------------------------------------------------------------+
; Multiplexer Restructuring Statistics (Restructuring Performed)                                                                                                                                                                ;
+--------------------+-----------+---------------+----------------------+------------------------+------------+-----------------------------------------------------------------------------------------------------------------+
; Multiplexer Inputs ; Bus Width ; Baseline Area ; Area if Restructured ; Saving if Restructured ; Registered ; Example Multiplexer Output                                                                                      ;
+--------------------+-----------+---------------+----------------------+------------------------+------------+-----------------------------------------------------------------------------------------------------------------+
; 3:1                ; 12 bits   ; 24 LEs        ; 0 LEs                ; 24 LEs                 ; Yes        ; |ADCtoSENT|adc_control:u0|adc_control_adc_mega_0:adc_mega_0|CH0[8]                                              ;
; 3:1                ; 5 bits    ; 10 LEs        ; 10 LEs               ; 0 LEs                  ; Yes        ; |ADCtoSENT|adc_control:u0|adc_control_adc_mega_0:adc_mega_0|altera_up_avalon_adv_adc:ADC_CTRL|counter[3]        ;
; 3:1                ; 4 bits    ; 8 LEs         ; 4 LEs                ; 4 LEs                  ; Yes        ; |ADCtoSENT|adc_control:u0|adc_control_adc_mega_0:adc_mega_0|altera_up_avalon_adv_adc:ADC_CTRL|sclk_counter[3]   ;
; 3:1                ; 12 bits   ; 24 LEs        ; 0 LEs                ; 24 LEs                 ; Yes        ; |ADCtoSENT|adc_control:u0|adc_control_adc_mega_0:adc_mega_0|altera_up_avalon_adv_adc:ADC_CTRL|reading0[3]       ;
; 3:1                ; 2 bits    ; 4 LEs         ; 2 LEs                ; 2 LEs                  ; Yes        ; |ADCtoSENT|nibbleCnt[0]                                                                                         ;
; 3:1                ; 11 bits   ; 22 LEs        ; 0 LEs                ; 22 LEs                 ; Yes        ; |ADCtoSENT|adc_control:u0|adc_control_adc_mega_0:adc_mega_0|altera_up_avalon_adv_adc:ADC_CTRL|dout_shift_reg[8] ;
; 3:1                ; 2 bits    ; 4 LEs         ; 2 LEs                ; 2 LEs                  ; Yes        ; |ADCtoSENT|calculatedCRC[3]                                                                                     ;
; 3:1                ; 2 bits    ; 4 LEs         ; 2 LEs                ; 2 LEs                  ; Yes        ; |ADCtoSENT|calculatedCRC[2]                                                                                     ;
; 3:1                ; 4 bits    ; 8 LEs         ; 4 LEs                ; 4 LEs                  ; Yes        ; |ADCtoSENT|nibble[0]                                                                                            ;
; 4:1                ; 3 bits    ; 6 LEs         ; 6 LEs                ; 0 LEs                  ; Yes        ; |ADCtoSENT|adc_control:u0|adc_control_adc_mega_0:adc_mega_0|altera_up_avalon_adv_adc:ADC_CTRL|din_shift_reg[8]  ;
; 10:1               ; 10 bits   ; 60 LEs        ; 0 LEs                ; 60 LEs                 ; Yes        ; |ADCtoSENT|clkCnt[4]                                                                                            ;
; 10:1               ; 6 bits    ; 36 LEs        ; 24 LEs               ; 12 LEs                 ; Yes        ; |ADCtoSENT|tickCnt[4]                                                                                           ;
; 3:1                ; 3 bits    ; 6 LEs         ; 6 LEs                ; 0 LEs                  ; Yes        ; |ADCtoSENT|adc_control:u0|adc_control_adc_mega_0:adc_mega_0|altera_up_avalon_adv_adc:ADC_CTRL|counter[0]        ;
; 3:1                ; 4 bits    ; 8 LEs         ; 8 LEs                ; 0 LEs                  ; No         ; |ADCtoSENT|Mux7                                                                                                 ;
+--------------------+-----------+---------------+----------------------+------------------------+------------+-----------------------------------------------------------------------------------------------------------------+


+-----------------------------------------------------------------------------------------------+
; Parameter Settings for User Entity Instance: adc_control:u0|adc_control_adc_mega_0:adc_mega_0 ;
+----------------+------------+-----------------------------------------------------------------+
; Parameter Name ; Value      ; Type                                                            ;
+----------------+------------+-----------------------------------------------------------------+
; tsclk          ; 16         ; Signed Integer                                                  ;
; numch          ; 0          ; Signed Integer                                                  ;
; board          ; DE10-Nano  ; String                                                          ;
; board_rev      ; Autodetect ; String                                                          ;
; max10pllmultby ; 1          ; Signed Integer                                                  ;
; max10plldivby  ; 1          ; Signed Integer                                                  ;
+----------------+------------+-----------------------------------------------------------------+
Note: In order to hide this table in the UI and the text report file, please set the "Show Parameter Settings in Synthesis Report" option in "Analysis and Synthesis Settings -> More Settings" to "Off".


+---------------------------------------------------------------------------------------------------------------------------------+
; Parameter Settings for User Entity Instance: adc_control:u0|adc_control_adc_mega_0:adc_mega_0|altera_up_avalon_adv_adc:ADC_CTRL ;
+-----------------------+------------+--------------------------------------------------------------------------------------------+
; Parameter Name        ; Value      ; Type                                                                                       ;
+-----------------------+------------+--------------------------------------------------------------------------------------------+
; T_SCLK                ; 16         ; Signed Integer                                                                             ;
; NUM_CH                ; 0          ; Signed Integer                                                                             ;
; BOARD                 ; DE10-Nano  ; String                                                                                     ;
; BOARD_REV             ; Autodetect ; String                                                                                     ;
; MAX10_PLL_MULTIPLY_BY ; 1          ; Signed Integer                                                                             ;
; MAX10_PLL_DIVIDE_BY   ; 10         ; Signed Integer                                                                             ;
+-----------------------+------------+--------------------------------------------------------------------------------------------+
Note: In order to hide this table in the UI and the text report file, please set the "Show Parameter Settings in Synthesis Report" option in "Analysis and Synthesis Settings -> More Settings" to "Off".


+-------------------------------------------------------------------------------------------------------------------------------------+
; Port Connectivity Checks: "adc_control:u0"                                                                                          ;
+------+--------+----------+----------------------------------------------------------------------------------------------------------+
; Port ; Type   ; Severity ; Details                                                                                                  ;
+------+--------+----------+----------------------------------------------------------------------------------------------------------+
; CH1  ; Output ; Warning  ; Declared by entity but not connected by instance. Logic that only feeds a dangling port will be removed. ;
; CH2  ; Output ; Warning  ; Declared by entity but not connected by instance. Logic that only feeds a dangling port will be removed. ;
; CH3  ; Output ; Warning  ; Declared by entity but not connected by instance. Logic that only feeds a dangling port will be removed. ;
; CH4  ; Output ; Warning  ; Declared by entity but not connected by instance. Logic that only feeds a dangling port will be removed. ;
; CH5  ; Output ; Warning  ; Declared by entity but not connected by instance. Logic that only feeds a dangling port will be removed. ;
; CH6  ; Output ; Warning  ; Declared by entity but not connected by instance. Logic that only feeds a dangling port will be removed. ;
; CH7  ; Output ; Warning  ; Declared by entity but not connected by instance. Logic that only feeds a dangling port will be removed. ;
+------+--------+----------+----------------------------------------------------------------------------------------------------------+


+-----------------------------------------------------+
; Post-Synthesis Netlist Statistics for Top Partition ;
+-----------------------+-----------------------------+
; Type                  ; Count                       ;
+-----------------------+-----------------------------+
; arriav_ff             ; 159                         ;
;     CLR               ; 9                           ;
;     ENA               ; 49                          ;
;     ENA SCLR          ; 70                          ;
;     SCLR              ; 5                           ;
;     SCLR SLD          ; 1                           ;
;     SLD               ; 15                          ;
;     plain             ; 10                          ;
; arriav_lcell_comb     ; 197                         ;
;     arith             ; 56                          ;
;         1 data inputs ; 56                          ;
;     normal            ; 141                         ;
;         0 data inputs ; 1                           ;
;         1 data inputs ; 2                           ;
;         2 data inputs ; 22                          ;
;         3 data inputs ; 16                          ;
;         4 data inputs ; 25                          ;
;         5 data inputs ; 31                          ;
;         6 data inputs ; 44                          ;
; boundary_port         ; 27                          ;
;                       ;                             ;
; Max LUT depth         ; 4.00                        ;
; Average LUT depth     ; 2.23                        ;
+-----------------------+-----------------------------+


+-------------------------------+
; Elapsed Time Per Partition    ;
+----------------+--------------+
; Partition Name ; Elapsed Time ;
+----------------+--------------+
; Top            ; 00:00:00     ;
+----------------+--------------+


+-------------------------------+
; Analysis & Synthesis Messages ;
+-------------------------------+
Info: *******************************************************************
Info: Running Quartus Prime Analysis & Synthesis
    Info: Version 20.1.1 Build 720 11/11/2020 SJ Lite Edition
    Info: Processing started: Tue Nov 02 11:06:33 2021
Info: Command: quartus_map --read_settings_files=on --write_settings_files=off ADC-to-SENT -c ADC-to-SENT
Warning (18236): Number of processors has not been specified which may cause overloading on shared machines.  Set the global assignment NUM_PARALLEL_PROCESSORS in your QSF to an appropriate value for best performance.
Info (20030): Parallel compilation is enabled and will use 8 of the 8 processors detected
Info (12248): Elaborating Platform Designer system entity "adc_control.qsys"
Info (12250): 2021.11.02.11:06:44 Progress: Loading ADC-to-SENT/adc_control.qsys
Info (12250): 2021.11.02.11:06:45 Progress: Reading input file
Info (12250): 2021.11.02.11:06:45 Progress: Adding adc_mega_0 [altera_up_avalon_adc_mega 18.0]
Info (12250): 2021.11.02.11:06:46 Progress: Parameterizing module adc_mega_0
Info (12250): 2021.11.02.11:06:46 Progress: Building connections
Info (12250): 2021.11.02.11:06:46 Progress: Parameterizing connections
Info (12250): 2021.11.02.11:06:46 Progress: Validating
Info (12250): 2021.11.02.11:06:46 Progress: Done reading input file
Info (12250): Adc_control: Generating adc_control "adc_control" for QUARTUS_SYNTH
Info (12250): Adc_mega_0: Starting Generation of ADC Controller for DE-series Board
Info (12250): Adc_mega_0: C:/intelfpga_lite/20.1/ip/altera/university_program/input_output/altera_up_avalon_adc/hdl/altera_up_avalon_adv_adc.v C:/Users/jagumiel/AppData/Local/Temp/alt8933_4677469877830512396.dir/0002_sopcgen/adc_control_adc_mega_0.v
Info (12250): Adc_mega_0: "adc_control" instantiated altera_up_avalon_adc_mega "adc_mega_0"
Info (12250): Adc_control: Done "adc_control" with 2 modules, 3 files
Info (12249): Finished elaborating Platform Designer system entity "adc_control.qsys"
Info (12021): Found 2 design units, including 1 entities, in source file adctosent.vhd
    Info (12022): Found design unit 1: ADCtoSENT-a File: C:/Users/jagumiel/Documents/Quartus/ADC-to-SENT/ADCtoSENT.vhd Line: 25
    Info (12023): Found entity 1: ADCtoSENT File: C:/Users/jagumiel/Documents/Quartus/ADC-to-SENT/ADCtoSENT.vhd Line: 8
Info (12021): Found 1 design units, including 1 entities, in source file db/ip/adc_control/adc_control.v
    Info (12023): Found entity 1: adc_control File: C:/Users/jagumiel/Documents/Quartus/ADC-to-SENT/db/ip/adc_control/adc_control.v Line: 6
Info (12021): Found 1 design units, including 1 entities, in source file db/ip/adc_control/submodules/adc_control_adc_mega_0.v
    Info (12023): Found entity 1: adc_control_adc_mega_0 File: C:/Users/jagumiel/Documents/Quartus/ADC-to-SENT/db/ip/adc_control/submodules/adc_control_adc_mega_0.v Line: 22
Info (12021): Found 1 design units, including 1 entities, in source file db/ip/adc_control/submodules/altera_up_avalon_adv_adc.v
    Info (12023): Found entity 1: altera_up_avalon_adv_adc File: C:/Users/jagumiel/Documents/Quartus/ADC-to-SENT/db/ip/adc_control/submodules/altera_up_avalon_adv_adc.v Line: 23
Info (12127): Elaborating entity "ADCtoSENT" for the top level hierarchy
Warning (10036): Verilog HDL or VHDL warning at ADCtoSENT.vhd(72): object "crcOpDone" assigned a value but never read File: C:/Users/jagumiel/Documents/Quartus/ADC-to-SENT/ADCtoSENT.vhd Line: 72
Info (12128): Elaborating entity "adc_control" for hierarchy "adc_control:u0" File: C:/Users/jagumiel/Documents/Quartus/ADC-to-SENT/ADCtoSENT.vhd Line: 327
Info (12128): Elaborating entity "adc_control_adc_mega_0" for hierarchy "adc_control:u0|adc_control_adc_mega_0:adc_mega_0" File: C:/Users/jagumiel/Documents/Quartus/ADC-to-SENT/db/ip/adc_control/adc_control.v Line: 45
Info (12128): Elaborating entity "altera_up_avalon_adv_adc" for hierarchy "adc_control:u0|adc_control_adc_mega_0:adc_mega_0|altera_up_avalon_adv_adc:ADC_CTRL" File: C:/Users/jagumiel/Documents/Quartus/ADC-to-SENT/db/ip/adc_control/submodules/adc_control_adc_mega_0.v Line: 58
Warning (12241): 1 hierarchies have connectivity warnings - see the Connectivity Checks report folder
Info (286030): Timing-Driven Synthesis is running
Info (17049): 12 registers lost all their fanouts during netlist optimizations.
Info (16010): Generating hard_block partition "hard_block:auto_generated_inst"
    Info (16011): Adding 0 node(s), including 0 DDIO, 0 PLL, 0 transceiver and 0 LCELL
Info (21057): Implemented 276 device resources after synthesis - the final resource count might be different
    Info (21058): Implemented 3 input pins
    Info (21059): Implemented 24 output pins
    Info (21061): Implemented 249 logic cells
Info: Quartus Prime Analysis & Synthesis was successful. 0 errors, 3 warnings
    Info: Peak virtual memory: 4910 megabytes
    Info: Processing ended: Tue Nov 02 11:06:53 2021
    Info: Elapsed time: 00:00:20
    Info: Total CPU time (on all processors): 00:00:35


